<?xml version="1.0" encoding="UTF-8"?>
<!-- Generated by org.testng.reporters.JUnitReportReporter -->
<testsuite hostname="DESKTOP-1CCDC5L" failures="0" tests="1" name="SeleniumProject.SeleniumProject.BankingTest" time="7.204" errors="0" timestamp="2023-10-09T23:03:50 IST" skipped="0">
  <testcase classname="SeleniumProject.SeleniumProject.BankingTest" name="testGoogle" time="7.204"/>
  <system-out/>
</testsuite> <!-- SeleniumProject.SeleniumProject.BankingTest -->
